<?xml version="1.0" encoding="UTF-8"?>
<testsuite name="uts.cli.MainTest" tests="2" skipped="0" failures="0" errors="0" timestamp="2018-06-19T16:16:48" hostname="SKUPPALA-LAP1" time="7.255">
  <properties/>
  <testcase name="serverStartTest" classname="uts.cli.MainTest" time="5.787"/>
  <testcase name="redisPoolTest" classname="uts.cli.MainTest" time="1.467"/>
  <system-out><![CDATA[url path :  /D:/sundeep/work2016/UrlThreatService/UTServer/build/resources/test/TestBootConfig.json
Starting Service....
Started Service....
Service Started
 wait 2 secs after srv strt 
 stop srvr
 ### trying hget
 ### trying hget return : sunnyTestValue
 get response : sunnyTestValue
]]></system-out>
  <system-err><![CDATA[Jun 19, 2018 9:46:52 PM org.glassfish.grizzly.http.server.NetworkListener start
INFO: Started listener bound to [0.0.0.0:8990]
Jun 19, 2018 9:46:52 PM org.glassfish.grizzly.http.server.HttpServer start
INFO: [HttpServer] Started.
]]></system-err>
</testsuite>
