<?xml version="1.0" encoding="UTF-8"?>
<testsuite name="uts.cli.MainTest" tests="1" skipped="0" failures="0" errors="0" timestamp="2018-06-19T09:09:13" hostname="SKUPPALA-LAP1" time="5.978">
  <properties/>
  <testcase name="main" classname="uts.cli.MainTest" time="5.978"/>
  <system-out><![CDATA[url path :  /D:/sundeep/work2016/UrlThreatService/UTServer/build/resources/test/TestBootConfig.json
Starting Service....
Service Started
 wait 2 secs after srv strt 
 stop srvr
]]></system-out>
  <system-err><![CDATA[Jun 19, 2018 2:39:17 PM org.glassfish.grizzly.http.server.NetworkListener start
INFO: Started listener bound to [0.0.0.0:8990]
Jun 19, 2018 2:39:17 PM org.glassfish.grizzly.http.server.HttpServer start
INFO: [HttpServer] Started.
]]></system-err>
</testsuite>
